This file contains any messages produced by compilers while
running configure, to aid debugging if configure makes a mistake.

It was created by xosd configure 2.2.14, which was
generated by GNU Autoconf 2.59.  Invocation command line was

  $ ./configure 

## --------- ##
## Platform. ##
## --------- ##

hostname = wasserkopf
uname -m = i686
uname -r = 3.1.0-1.2-desktop
uname -s = Linux
uname -v = #1 SMP PREEMPT Thu Nov 3 14:45:45 UTC 2011 (187dde0)

/usr/bin/uname -p = unknown
/bin/uname -X     = unknown

/bin/arch              = i686
/usr/bin/arch -k       = unknown
/usr/convex/getsysinfo = unknown
hostinfo               = unknown
/bin/machine           = unknown
/usr/bin/oslevel       = unknown
/bin/universe          = unknown

PATH: /usr/lib/mpi/gcc/openmpi/bin
PATH: /home/elchaschab/bin
PATH: /usr/local/bin
PATH: /usr/bin
PATH: /bin
PATH: /usr/bin/X11
PATH: /usr/X11R6/bin
PATH: /usr/games
PATH: /usr/lib/jvm/jre/bin


## ----------- ##
## Core tests. ##
## ----------- ##

configure:1424: loading site script /usr/share/site/i686-pc-linux-gnu
| #!/bin/sh
| # Site script for configure. It is resourced via \$CONFIG_SITE environment varaible.
| 
| # If user did not specify libexecdir, guess the correct target:
| # Nor FHS nor openSUSE allow prefix/libexec. Let's default to prefix/lib.
| 
| libexecdir='${exec_prefix}/lib'
| 
| # Continue with the standard behavior of configure defined in AC_SITE_LOAD:
| if test "x$prefix" != xNONE; then
| 	ac_site_file1=$prefix/share/config.site
| 	ac_site_file2=$prefix/etc/config.site
| else
| 	ac_site_file1=$ac_default_prefix/share/config.site
| 	ac_site_file2=$ac_default_prefix/etc/config.site
| fi
| for ac_site_file in "$ac_site_file1" "$ac_site_file2"
| do
| 	test "x$ac_site_file" = xNONE && continue
| 	if test /dev/null != "$ac_site_file" && test -r "$ac_site_file"; then
| 		{ $as_echo "/usr/share/site/i686-pc-linux-gnu:${as_lineno-$LINENO}: loading site script $ac_site_file" >&5
| $as_echo "/usr/share/site/i686-pc-linux-gnu: loading site script $ac_site_file" >&6;}
| 		sed 's/^/| /' "$ac_site_file" >&5
| 		. "$ac_site_file" \
| 			|| { { $as_echo "/usr/share/site/i686-pc-linux-gnu:${as_lineno-$LINENO}: error: in \`$ac_pwd':" >&5
| $as_echo "/usr/share/site/i686-pc-linux-gnu: error: in \`$ac_pwd':" >&2;}
| as_fn_error $? "failed to load site script $ac_site_file
| See \`config.log' for more details" "$LINENO" 5; }
| 	fi
| done
configure:1571: checking for a BSD-compatible install
configure:1626: result: /usr/bin/install -c
configure:1637: checking whether build environment is sane
configure:1680: result: yes
configure:1745: checking for gawk
configure:1761: found /usr/bin/gawk
configure:1771: result: gawk
configure:1781: checking whether make sets $(MAKE)
configure:1801: result: yes
configure:1971: checking whether to enable maintainer-specific portions of Makefiles
configure:1980: result: no
configure:2042: checking for gcc
configure:2058: found /usr/bin/gcc
configure:2068: result: gcc
configure:2312: checking for C compiler version
configure:2315: gcc --version </dev/null >&5
gcc (SUSE Linux) 4.6.2
Copyright (C) 2011 Free Software Foundation, Inc.
This is free software; see the source for copying conditions.  There is NO
warranty; not even for MERCHANTABILITY or FITNESS FOR A PARTICULAR PURPOSE.

configure:2318: $? = 0
configure:2320: gcc -v </dev/null >&5
Using built-in specs.
COLLECT_GCC=gcc
COLLECT_LTO_WRAPPER=/usr/lib/gcc/i586-suse-linux/4.6/lto-wrapper
Target: i586-suse-linux
Configured with: ../configure --prefix=/usr --infodir=/usr/share/info --mandir=/usr/share/man --libdir=/usr/lib --libexecdir=/usr/lib --enable-languages=c,c++,objc,fortran,obj-c++,java,ada --enable-checking=release --with-gxx-include-dir=/usr/include/c++/4.6 --enable-ssp --disable-libssp --disable-plugin --with-bugurl=http://bugs.opensuse.org/ --with-pkgversion='SUSE Linux' --disable-libgcj --disable-libmudflap --with-slibdir=/lib --with-system-zlib --enable-__cxa_atexit --enable-libstdcxx-allocator=new --disable-libstdcxx-pch --enable-version-specific-runtime-libs --program-suffix=-4.6 --enable-linux-futex --without-system-libunwind --with-arch-32=i586 --with-tune=generic --build=i586-suse-linux
Thread model: posix
gcc version 4.6.2 (SUSE Linux) 
configure:2323: $? = 0
configure:2325: gcc -V </dev/null >&5
gcc: error: unrecognized option '-V'
gcc: fatal error: no input files
compilation terminated.
configure:2328: $? = 1
configure:2351: checking for C compiler default output file name
configure:2354: gcc    conftest.c  >&5
configure:2357: $? = 0
configure:2403: result: a.out
configure:2408: checking whether the C compiler works
configure:2414: ./a.out
configure:2417: $? = 0
configure:2434: result: yes
configure:2441: checking whether we are cross compiling
configure:2443: result: no
configure:2446: checking for suffix of executables
configure:2448: gcc -o conftest    conftest.c  >&5
configure:2451: $? = 0
configure:2476: result: 
configure:2482: checking for suffix of object files
configure:2503: gcc -c   conftest.c >&5
configure:2506: $? = 0
configure:2528: result: o
configure:2532: checking whether we are using the GNU C compiler
configure:2556: gcc -c   conftest.c >&5
configure:2562: $? = 0
configure:2566: test -z 
			 || test ! -s conftest.err
configure:2569: $? = 0
configure:2572: test -s conftest.o
configure:2575: $? = 0
configure:2588: result: yes
configure:2594: checking whether gcc accepts -g
configure:2615: gcc -c -g  conftest.c >&5
configure:2621: $? = 0
configure:2625: test -z 
			 || test ! -s conftest.err
configure:2628: $? = 0
configure:2631: test -s conftest.o
configure:2634: $? = 0
configure:2645: result: yes
configure:2662: checking for gcc option to accept ANSI C
configure:2732: gcc  -c -g -O2  conftest.c >&5
configure:2738: $? = 0
configure:2742: test -z 
			 || test ! -s conftest.err
configure:2745: $? = 0
configure:2748: test -s conftest.o
configure:2751: $? = 0
configure:2769: result: none needed
configure:2787: gcc -c -g -O2  conftest.c >&5
conftest.c:2:3: error: unknown type name 'choke'
conftest.c:2:3: error: expected '=', ',', ';', 'asm' or '__attribute__' at end of input
configure:2793: $? = 1
configure: failed program was:
| #ifndef __cplusplus
|   choke me
| #endif
configure:2937: checking for style of include used by make
configure:2965: result: GNU
configure:2993: checking dependency style of gcc
configure:3083: result: gcc3
configure:3113: checking for a BSD-compatible install
configure:3168: result: /usr/bin/install -c
configure:3179: checking whether ln -s works
configure:3183: result: yes
configure:3268: checking build system type
configure:3286: result: i686-pc-linux-gnu
configure:3294: checking host system type
configure:3308: result: i686-pc-linux-gnu
configure:3316: checking for a sed that does not truncate output
configure:3370: result: /usr/bin/sed
configure:3373: checking for egrep
configure:3383: result: grep -E
configure:3399: checking for ld used by gcc
configure:3466: result: /usr/i586-suse-linux/bin/ld
configure:3475: checking if the linker (/usr/i586-suse-linux/bin/ld) is GNU ld
configure:3490: result: yes
configure:3495: checking for /usr/i586-suse-linux/bin/ld option to reload object files
configure:3502: result: -r
configure:3511: checking for BSD-compatible nm
configure:3553: result: /usr/bin/nm -B
configure:3557: checking how to recognise dependent libraries
configure:3740: result: pass_all
configure:3954: checking how to run the C preprocessor
configure:3989: gcc -E  conftest.c
configure:3995: $? = 0
configure:4027: gcc -E  conftest.c
conftest.c:9:28: fatal error: ac_nonexistent.h: No such file or directory
compilation terminated.
configure:4033: $? = 1
configure: failed program was:
| /* confdefs.h.  */
| 
| #define PACKAGE_NAME "xosd"
| #define PACKAGE_TARNAME "xosd"
| #define PACKAGE_VERSION "2.2.14"
| #define PACKAGE_STRING "xosd 2.2.14"
| #define PACKAGE_BUGREPORT ""
| /* end confdefs.h.  */
| #include <ac_nonexistent.h>
configure:4072: result: gcc -E
configure:4096: gcc -E  conftest.c
configure:4102: $? = 0
configure:4134: gcc -E  conftest.c
conftest.c:9:28: fatal error: ac_nonexistent.h: No such file or directory
compilation terminated.
configure:4140: $? = 1
configure: failed program was:
| /* confdefs.h.  */
| 
| #define PACKAGE_NAME "xosd"
| #define PACKAGE_TARNAME "xosd"
| #define PACKAGE_VERSION "2.2.14"
| #define PACKAGE_STRING "xosd 2.2.14"
| #define PACKAGE_BUGREPORT ""
| /* end confdefs.h.  */
| #include <ac_nonexistent.h>
configure:4184: checking for ANSI C header files
configure:4209: gcc -c -g -O2  conftest.c >&5
configure:4215: $? = 0
configure:4219: test -z 
			 || test ! -s conftest.err
configure:4222: $? = 0
configure:4225: test -s conftest.o
configure:4228: $? = 0
configure:4317: gcc -o conftest -g -O2   conftest.c  >&5
conftest.c: In function 'main':
conftest.c:26:7: warning: incompatible implicit declaration of built-in function 'exit' [enabled by default]
configure:4320: $? = 0
configure:4322: ./conftest
configure:4325: $? = 0
configure:4340: result: yes
configure:4364: checking for sys/types.h
configure:4380: gcc -c -g -O2  conftest.c >&5
configure:4386: $? = 0
configure:4390: test -z 
			 || test ! -s conftest.err
configure:4393: $? = 0
configure:4396: test -s conftest.o
configure:4399: $? = 0
configure:4410: result: yes
configure:4364: checking for sys/stat.h
configure:4380: gcc -c -g -O2  conftest.c >&5
configure:4386: $? = 0
configure:4390: test -z 
			 || test ! -s conftest.err
configure:4393: $? = 0
configure:4396: test -s conftest.o
configure:4399: $? = 0
configure:4410: result: yes
configure:4364: checking for stdlib.h
configure:4380: gcc -c -g -O2  conftest.c >&5
configure:4386: $? = 0
configure:4390: test -z 
			 || test ! -s conftest.err
configure:4393: $? = 0
configure:4396: test -s conftest.o
configure:4399: $? = 0
configure:4410: result: yes
configure:4364: checking for string.h
configure:4380: gcc -c -g -O2  conftest.c >&5
configure:4386: $? = 0
configure:4390: test -z 
			 || test ! -s conftest.err
configure:4393: $? = 0
configure:4396: test -s conftest.o
configure:4399: $? = 0
configure:4410: result: yes
configure:4364: checking for memory.h
configure:4380: gcc -c -g -O2  conftest.c >&5
configure:4386: $? = 0
configure:4390: test -z 
			 || test ! -s conftest.err
configure:4393: $? = 0
configure:4396: test -s conftest.o
configure:4399: $? = 0
configure:4410: result: yes
configure:4364: checking for strings.h
configure:4380: gcc -c -g -O2  conftest.c >&5
configure:4386: $? = 0
configure:4390: test -z 
			 || test ! -s conftest.err
configure:4393: $? = 0
configure:4396: test -s conftest.o
configure:4399: $? = 0
configure:4410: result: yes
configure:4364: checking for inttypes.h
configure:4380: gcc -c -g -O2  conftest.c >&5
configure:4386: $? = 0
configure:4390: test -z 
			 || test ! -s conftest.err
configure:4393: $? = 0
configure:4396: test -s conftest.o
configure:4399: $? = 0
configure:4410: result: yes
configure:4364: checking for stdint.h
configure:4380: gcc -c -g -O2  conftest.c >&5
configure:4386: $? = 0
configure:4390: test -z 
			 || test ! -s conftest.err
configure:4393: $? = 0
configure:4396: test -s conftest.o
configure:4399: $? = 0
configure:4410: result: yes
configure:4364: checking for unistd.h
configure:4380: gcc -c -g -O2  conftest.c >&5
configure:4386: $? = 0
configure:4390: test -z 
			 || test ! -s conftest.err
configure:4393: $? = 0
configure:4396: test -s conftest.o
configure:4399: $? = 0
configure:4410: result: yes
configure:4436: checking dlfcn.h usability
configure:4448: gcc -c -g -O2  conftest.c >&5
configure:4454: $? = 0
configure:4458: test -z 
			 || test ! -s conftest.err
configure:4461: $? = 0
configure:4464: test -s conftest.o
configure:4467: $? = 0
configure:4477: result: yes
configure:4481: checking dlfcn.h presence
configure:4491: gcc -E  conftest.c
configure:4497: $? = 0
configure:4517: result: yes
configure:4552: checking for dlfcn.h
configure:4559: result: yes
configure:4624: checking for g++
configure:4640: found /usr/bin/g++
configure:4650: result: g++
configure:4666: checking for C++ compiler version
configure:4669: g++ --version </dev/null >&5
g++ (SUSE Linux) 4.6.2
Copyright (C) 2011 Free Software Foundation, Inc.
This is free software; see the source for copying conditions.  There is NO
warranty; not even for MERCHANTABILITY or FITNESS FOR A PARTICULAR PURPOSE.

configure:4672: $? = 0
configure:4674: g++ -v </dev/null >&5
Using built-in specs.
COLLECT_GCC=g++
COLLECT_LTO_WRAPPER=/usr/lib/gcc/i586-suse-linux/4.6/lto-wrapper
Target: i586-suse-linux
Configured with: ../configure --prefix=/usr --infodir=/usr/share/info --mandir=/usr/share/man --libdir=/usr/lib --libexecdir=/usr/lib --enable-languages=c,c++,objc,fortran,obj-c++,java,ada --enable-checking=release --with-gxx-include-dir=/usr/include/c++/4.6 --enable-ssp --disable-libssp --disable-plugin --with-bugurl=http://bugs.opensuse.org/ --with-pkgversion='SUSE Linux' --disable-libgcj --disable-libmudflap --with-slibdir=/lib --with-system-zlib --enable-__cxa_atexit --enable-libstdcxx-allocator=new --disable-libstdcxx-pch --enable-version-specific-runtime-libs --program-suffix=-4.6 --enable-linux-futex --without-system-libunwind --with-arch-32=i586 --with-tune=generic --build=i586-suse-linux
Thread model: posix
gcc version 4.6.2 (SUSE Linux) 
configure:4677: $? = 0
configure:4679: g++ -V </dev/null >&5
g++: error: unrecognized option '-V'
g++: fatal error: no input files
compilation terminated.
configure:4682: $? = 1
configure:4685: checking whether we are using the GNU C++ compiler
configure:4709: g++ -c   conftest.cc >&5
configure:4715: $? = 0
configure:4719: test -z 
			 || test ! -s conftest.err
configure:4722: $? = 0
configure:4725: test -s conftest.o
configure:4728: $? = 0
configure:4741: result: yes
configure:4747: checking whether g++ accepts -g
configure:4768: g++ -c -g  conftest.cc >&5
configure:4774: $? = 0
configure:4778: test -z 
			 || test ! -s conftest.err
configure:4781: $? = 0
configure:4784: test -s conftest.o
configure:4787: $? = 0
configure:4798: result: yes
configure:4840: g++ -c -g -O2  conftest.cc >&5
configure:4846: $? = 0
configure:4850: test -z 
			 || test ! -s conftest.err
configure:4853: $? = 0
configure:4856: test -s conftest.o
configure:4859: $? = 0
configure:4885: g++ -c -g -O2  conftest.cc >&5
conftest.cc: In function 'int main()':
conftest.cc:24:9: error: 'exit' was not declared in this scope
configure:4891: $? = 1
configure: failed program was:
| /* confdefs.h.  */
| 
| #define PACKAGE_NAME "xosd"
| #define PACKAGE_TARNAME "xosd"
| #define PACKAGE_VERSION "2.2.14"
| #define PACKAGE_STRING "xosd 2.2.14"
| #define PACKAGE_BUGREPORT ""
| #define STDC_HEADERS 1
| #define HAVE_SYS_TYPES_H 1
| #define HAVE_SYS_STAT_H 1
| #define HAVE_STDLIB_H 1
| #define HAVE_STRING_H 1
| #define HAVE_MEMORY_H 1
| #define HAVE_STRINGS_H 1
| #define HAVE_INTTYPES_H 1
| #define HAVE_STDINT_H 1
| #define HAVE_UNISTD_H 1
| #define HAVE_DLFCN_H 1
| /* end confdefs.h.  */
| 
| int
| main ()
| {
| exit (42);
|   ;
|   return 0;
| }
configure:4840: g++ -c -g -O2  conftest.cc >&5
conftest.cc:20:40: error: 'void std::exit(int)' should have been declared inside 'std'
configure:4846: $? = 1
configure: failed program was:
| /* confdefs.h.  */
| 
| #define PACKAGE_NAME "xosd"
| #define PACKAGE_TARNAME "xosd"
| #define PACKAGE_VERSION "2.2.14"
| #define PACKAGE_STRING "xosd 2.2.14"
| #define PACKAGE_BUGREPORT ""
| #define STDC_HEADERS 1
| #define HAVE_SYS_TYPES_H 1
| #define HAVE_SYS_STAT_H 1
| #define HAVE_STDLIB_H 1
| #define HAVE_STRING_H 1
| #define HAVE_MEMORY_H 1
| #define HAVE_STRINGS_H 1
| #define HAVE_INTTYPES_H 1
| #define HAVE_STDINT_H 1
| #define HAVE_UNISTD_H 1
| #define HAVE_DLFCN_H 1
| /* end confdefs.h.  */
| extern "C" void std::exit (int) throw (); using std::exit;
| #include <stdlib.h>
| int
| main ()
| {
| exit (42);
|   ;
|   return 0;
| }
configure:4840: g++ -c -g -O2  conftest.cc >&5
conftest.cc:20:31: error: 'void std::exit(int)' should have been declared inside 'std'
In file included from conftest.cc:21:0:
/usr/include/stdlib.h:544:70: error: declaration of 'void std::exit(int) throw ()' has a different exception specifier
conftest.cc:20:17: error: from previous declaration 'void std::exit(int)'
configure:4846: $? = 1
configure: failed program was:
| /* confdefs.h.  */
| 
| #define PACKAGE_NAME "xosd"
| #define PACKAGE_TARNAME "xosd"
| #define PACKAGE_VERSION "2.2.14"
| #define PACKAGE_STRING "xosd 2.2.14"
| #define PACKAGE_BUGREPORT ""
| #define STDC_HEADERS 1
| #define HAVE_SYS_TYPES_H 1
| #define HAVE_SYS_STAT_H 1
| #define HAVE_STDLIB_H 1
| #define HAVE_STRING_H 1
| #define HAVE_MEMORY_H 1
| #define HAVE_STRINGS_H 1
| #define HAVE_INTTYPES_H 1
| #define HAVE_STDINT_H 1
| #define HAVE_UNISTD_H 1
| #define HAVE_DLFCN_H 1
| /* end confdefs.h.  */
| extern "C" void std::exit (int); using std::exit;
| #include <stdlib.h>
| int
| main ()
| {
| exit (42);
|   ;
|   return 0;
| }
configure:4840: g++ -c -g -O2  conftest.cc >&5
configure:4846: $? = 0
configure:4850: test -z 
			 || test ! -s conftest.err
configure:4853: $? = 0
configure:4856: test -s conftest.o
configure:4859: $? = 0
configure:4885: g++ -c -g -O2  conftest.cc >&5
configure:4891: $? = 0
configure:4895: test -z 
			 || test ! -s conftest.err
configure:4898: $? = 0
configure:4901: test -s conftest.o
configure:4904: $? = 0
configure:4929: checking dependency style of g++
configure:5019: result: gcc3
configure:5041: checking how to run the C++ preprocessor
configure:5072: g++ -E  conftest.cc
configure:5078: $? = 0
configure:5110: g++ -E  conftest.cc
conftest.cc:23:28: fatal error: ac_nonexistent.h: No such file or directory
compilation terminated.
configure:5116: $? = 1
configure: failed program was:
| /* confdefs.h.  */
| 
| #define PACKAGE_NAME "xosd"
| #define PACKAGE_TARNAME "xosd"
| #define PACKAGE_VERSION "2.2.14"
| #define PACKAGE_STRING "xosd 2.2.14"
| #define PACKAGE_BUGREPORT ""
| #define STDC_HEADERS 1
| #define HAVE_SYS_TYPES_H 1
| #define HAVE_SYS_STAT_H 1
| #define HAVE_STDLIB_H 1
| #define HAVE_STRING_H 1
| #define HAVE_MEMORY_H 1
| #define HAVE_STRINGS_H 1
| #define HAVE_INTTYPES_H 1
| #define HAVE_STDINT_H 1
| #define HAVE_UNISTD_H 1
| #define HAVE_DLFCN_H 1
| #ifdef __cplusplus
| extern "C" void exit (int) throw ();
| #endif
| /* end confdefs.h.  */
| #include <ac_nonexistent.h>
configure:5155: result: g++ -E
configure:5179: g++ -E  conftest.cc
configure:5185: $? = 0
configure:5217: g++ -E  conftest.cc
conftest.cc:23:28: fatal error: ac_nonexistent.h: No such file or directory
compilation terminated.
configure:5223: $? = 1
configure: failed program was:
| /* confdefs.h.  */
| 
| #define PACKAGE_NAME "xosd"
| #define PACKAGE_TARNAME "xosd"
| #define PACKAGE_VERSION "2.2.14"
| #define PACKAGE_STRING "xosd 2.2.14"
| #define PACKAGE_BUGREPORT ""
| #define STDC_HEADERS 1
| #define HAVE_SYS_TYPES_H 1
| #define HAVE_SYS_STAT_H 1
| #define HAVE_STDLIB_H 1
| #define HAVE_STRING_H 1
| #define HAVE_MEMORY_H 1
| #define HAVE_STRINGS_H 1
| #define HAVE_INTTYPES_H 1
| #define HAVE_STDINT_H 1
| #define HAVE_UNISTD_H 1
| #define HAVE_DLFCN_H 1
| #ifdef __cplusplus
| extern "C" void exit (int) throw ();
| #endif
| /* end confdefs.h.  */
| #include <ac_nonexistent.h>
configure:5318: checking for g77
configure:5347: result: no
configure:5318: checking for f77
configure:5347: result: no
configure:5318: checking for xlf
configure:5347: result: no
configure:5318: checking for frt
configure:5347: result: no
configure:5318: checking for pgf77
configure:5347: result: no
configure:5318: checking for fort77
configure:5347: result: no
configure:5318: checking for fl32
configure:5347: result: no
configure:5318: checking for af77
configure:5347: result: no
configure:5318: checking for f90
configure:5347: result: no
configure:5318: checking for xlf90
configure:5347: result: no
configure:5318: checking for pgf90
configure:5347: result: no
configure:5318: checking for epcf90
configure:5347: result: no
configure:5318: checking for f95
configure:5347: result: no
configure:5318: checking for fort
configure:5347: result: no
configure:5318: checking for xlf95
configure:5347: result: no
configure:5318: checking for ifc
configure:5347: result: no
configure:5318: checking for efc
configure:5347: result: no
configure:5318: checking for pgf95
configure:5347: result: no
configure:5318: checking for lf95
configure:5347: result: no
configure:5318: checking for gfortran
configure:5347: result: no
configure:5359: checking for Fortran 77 compiler version
configure:5362:  --version </dev/null >&5
./configure: line 5363: --version: command not found
configure:5365: $? = 127
configure:5367:  -v </dev/null >&5
./configure: line 5368: -v: command not found
configure:5370: $? = 127
configure:5372:  -V </dev/null >&5
./configure: line 5373: -V: command not found
configure:5375: $? = 127
configure:5383: checking whether we are using the GNU Fortran 77 compiler
configure:5397:  -c  conftest.F >&5
./configure: line 5398: -c: command not found
configure:5403: $? = 127
configure: failed program was:
|       program main
| #ifndef __GNUC__
|        choke me
| #endif
| 
|       end
configure:5429: result: no
configure:5435: checking whether  accepts -g
configure:5447:  -c -g conftest.f >&5
./configure: line 5448: -c: command not found
configure:5453: $? = 127
configure: failed program was:
|       program main
| 
|       end
configure:5478: result: no
configure:5508: checking the maximum length of command line arguments
configure:5573: result: 32768
configure:5584: checking command to parse /usr/bin/nm -B output from gcc object
configure:5673: gcc -c -g -O2  conftest.c >&5
configure:5676: $? = 0
configure:5680: /usr/bin/nm -B conftest.o \| sed -n -e 's/^.*[ 	]\([ABCDGIRSTW][ABCDGIRSTW]*\)[ 	][ 	]*\(\)\([_A-Za-z][_A-Za-z0-9]*\)$/\1 \2\3 \3/p' \> conftest.nm
configure:5683: $? = 0
configure:5735: gcc -o conftest -g -O2   conftest.c conftstm.o >&5
configure:5738: $? = 0
configure:5776: result: ok
configure:5780: checking for objdir
configure:5795: result: .libs
configure:5885: checking for ar
configure:5901: found /usr/bin/ar
configure:5912: result: ar
configure:5965: checking for ranlib
configure:5981: found /usr/bin/ranlib
configure:5992: result: ranlib
configure:6045: checking for strip
configure:6061: found /usr/bin/strip
configure:6072: result: strip
configure:6334: checking if gcc static flag  works
configure:6357: result: yes
configure:6375: checking if gcc supports -fno-rtti -fno-exceptions
configure:6393: gcc -c -g -O2  -fno-rtti -fno-exceptions conftest.c >&5
cc1: warning: command line option '-fno-rtti' is valid for C++/ObjC++ but not for C [enabled by default]
configure:6397: $? = 0
configure:6408: result: no
configure:6423: checking for gcc option to produce PIC
configure:6600: result: -fPIC
configure:6608: checking if gcc PIC flag -fPIC works
configure:6626: gcc -c -g -O2  -fPIC -DPIC conftest.c >&5
configure:6630: $? = 0
configure:6641: result: yes
configure:6665: checking if gcc supports -c -o file.o
configure:6686: gcc -c -g -O2  -o out/conftest2.o conftest.c >&5
configure:6690: $? = 0
configure:6710: result: yes
configure:6736: checking whether the gcc linker (/usr/i586-suse-linux/bin/ld) supports shared libraries
configure:7584: result: yes
configure:7610: checking whether -lc should be explicitly linked in
configure:7615: gcc -c -g -O2  conftest.c >&5
configure:7618: $? = 0
configure:7632: gcc -shared conftest.o  -v -Wl,-soname -Wl,conftest -o conftest 2\>\&1 \| grep  -lc  \>/dev/null 2\>\&1
configure:7635: $? = 0
configure:7647: result: no
configure:7655: checking dynamic linker characteristics
configure:8216: result: GNU/Linux ld.so
configure:8220: checking how to hardcode library paths into programs
configure:8245: result: immediate
configure:8259: checking whether stripping libraries is possible
configure:8264: result: yes
configure:9094: checking if libtool supports shared libraries
configure:9096: result: yes
configure:9099: checking whether to build shared libraries
configure:9157: result: yes
configure:9160: checking whether to build static libraries
configure:9164: result: yes
configure:9256: creating libtool
configure:9803: checking for ld used by g++
configure:9870: result: /usr/i586-suse-linux/bin/ld
configure:9879: checking if the linker (/usr/i586-suse-linux/bin/ld) is GNU ld
configure:9894: result: yes
configure:9945: checking whether the g++ linker (/usr/i586-suse-linux/bin/ld) supports shared libraries
configure:10773: result: yes
configure:10791: g++ -c -g -O2  conftest.cc >&5
configure:10794: $? = 0
configure:10890: checking for g++ option to produce PIC
configure:11142: result: -fPIC
configure:11150: checking if g++ PIC flag -fPIC works
configure:11168: g++ -c -g -O2  -fPIC -DPIC conftest.cc >&5
configure:11172: $? = 0
configure:11183: result: yes
configure:11207: checking if g++ supports -c -o file.o
configure:11228: g++ -c -g -O2  -o out/conftest2.o conftest.cc >&5
configure:11232: $? = 0
configure:11252: result: yes
configure:11278: checking whether the g++ linker (/usr/i586-suse-linux/bin/ld) supports shared libraries
configure:11303: result: yes
configure:11374: checking dynamic linker characteristics
configure:11935: result: GNU/Linux ld.so
configure:11939: checking how to hardcode library paths into programs
configure:11964: result: immediate
configure:11978: checking whether stripping libraries is possible
configure:11983: result: yes
configure:19260: checking for X
configure:19365: gcc -E  conftest.c
configure:19371: $? = 0
configure:19421: gcc -o conftest -g -O2   conftest.c -lXt  >&5
configure:19427: $? = 0
configure:19431: test -z 
			 || test ! -s conftest.err
configure:19434: $? = 0
configure:19437: test -s conftest
configure:19440: $? = 0
configure:19490: result: libraries , headers 
configure:19662: gcc -o conftest -g -O2   conftest.c   -lX11 >&5
configure:19668: $? = 0
configure:19672: test -z 
			 || test ! -s conftest.err
configure:19675: $? = 0
configure:19678: test -s conftest
configure:19681: $? = 0
configure:19839: checking for gethostbyname
configure:19896: gcc -o conftest -g -O2   conftest.c  >&5
configure:19902: $? = 0
configure:19906: test -z 
			 || test ! -s conftest.err
configure:19909: $? = 0
configure:19912: test -s conftest
configure:19915: $? = 0
configure:19927: result: yes
configure:20078: checking for connect
configure:20135: gcc -o conftest -g -O2   conftest.c  >&5
configure:20141: $? = 0
configure:20145: test -z 
			 || test ! -s conftest.err
configure:20148: $? = 0
configure:20151: test -s conftest
configure:20154: $? = 0
configure:20166: result: yes
configure:20241: checking for remove
configure:20298: gcc -o conftest -g -O2   conftest.c  >&5
configure:20304: $? = 0
configure:20308: test -z 
			 || test ! -s conftest.err
configure:20311: $? = 0
configure:20314: test -s conftest
configure:20317: $? = 0
configure:20329: result: yes
configure:20404: checking for shmat
configure:20461: gcc -o conftest -g -O2   conftest.c  >&5
configure:20467: $? = 0
configure:20471: test -z 
			 || test ! -s conftest.err
configure:20474: $? = 0
configure:20477: test -s conftest
configure:20480: $? = 0
configure:20492: result: yes
configure:20576: checking for IceConnectionNumber in -lICE
configure:20606: gcc -o conftest -g -O2   conftest.c -lICE   >&5
configure:20612: $? = 0
configure:20616: test -z 
			 || test ! -s conftest.err
configure:20619: $? = 0
configure:20622: test -s conftest
configure:20625: $? = 0
configure:20638: result: yes
configure:20707: checking for gtk-config
configure:20738: result: no
configure:20746: checking for GTK - version >= 1.2.2
configure:20882: result: no
configure:20967: WARNING: *** GTK+ >= 1.2.2 not found ***
configure:20975: checking for XInitThreads in -lX11
configure:21005: gcc -o conftest -g -O2  -Wall   conftest.c -lX11     >&5
configure:21011: $? = 0
configure:21015: test -z 
			 || test ! -s conftest.err
configure:21018: $? = 0
configure:21021: test -s conftest
configure:21024: $? = 0
configure:21037: result: yes
configure:21053: checking for XShapeQueryExtension in -lXext
configure:21083: gcc -o conftest -g -O2  -Wall   conftest.c -lXext  -lX11    >&5
configure:21089: $? = 0
configure:21093: test -z 
			 || test ! -s conftest.err
configure:21096: $? = 0
configure:21099: test -s conftest
configure:21102: $? = 0
configure:21115: result: yes
configure:21131: checking for pthread_create in -lpthread
configure:21161: gcc -o conftest -g -O2  -Wall   conftest.c -lpthread  -lXext -lX11    >&5
configure:21167: $? = 0
configure:21171: test -z 
			 || test ! -s conftest.err
configure:21174: $? = 0
configure:21177: test -s conftest
configure:21180: $? = 0
configure:21193: result: yes
configure:21209: checking for ANSI C header files
configure:21365: result: yes
configure:21380: checking for unistd.h
configure:21385: result: yes
configure:21535: checking pthread.h usability
configure:21547: gcc -c -g -O2  -Wall  conftest.c >&5
configure:21553: $? = 0
configure:21557: test -z 
			 || test ! -s conftest.err
configure:21560: $? = 0
configure:21563: test -s conftest.o
configure:21566: $? = 0
configure:21576: result: yes
configure:21580: checking pthread.h presence
configure:21590: gcc -E  conftest.c
configure:21596: $? = 0
configure:21616: result: yes
configure:21651: checking for pthread.h
configure:21658: result: yes
configure:21677: checking for vprintf
configure:21734: gcc -o conftest -g -O2  -Wall   conftest.c -lpthread -lXext -lX11    >&5
conftest.c:52:6: warning: conflicting types for built-in function 'vprintf' [enabled by default]
configure:21740: $? = 0
configure:21744: test -z 
			 || test ! -s conftest.err
configure:21747: $? = 0
configure:21750: test -s conftest
configure:21753: $? = 0
configure:21765: result: yes
configure:21772: checking for _doprnt
configure:21829: gcc -o conftest -g -O2  -Wall   conftest.c -lpthread -lXext -lX11    >&5
/tmp/ccKe2lLZ.o:(.data+0x0): undefined reference to `_doprnt'
/tmp/ccKe2lLZ.o: In function `main':
/home/elchaschab/xosd-2.2.14/conftest.c:69: undefined reference to `_doprnt'
collect2: ld returned 1 exit status
configure:21835: $? = 1
configure: failed program was:
| /* confdefs.h.  */
| 
| #define PACKAGE_NAME "xosd"
| #define PACKAGE_TARNAME "xosd"
| #define PACKAGE_VERSION "2.2.14"
| #define PACKAGE_STRING "xosd 2.2.14"
| #define PACKAGE_BUGREPORT ""
| #define STDC_HEADERS 1
| #define HAVE_SYS_TYPES_H 1
| #define HAVE_SYS_STAT_H 1
| #define HAVE_STDLIB_H 1
| #define HAVE_STRING_H 1
| #define HAVE_MEMORY_H 1
| #define HAVE_STRINGS_H 1
| #define HAVE_INTTYPES_H 1
| #define HAVE_STDINT_H 1
| #define HAVE_UNISTD_H 1
| #define HAVE_DLFCN_H 1
| #ifdef __cplusplus
| extern "C" void exit (int) throw ();
| #endif
| #define HAVE_LIBX11 1
| #define HAVE_LIBXEXT 1
| #define HAVE_LIBPTHREAD 1
| #define STDC_HEADERS 1
| #define HAVE_UNISTD_H 1
| #define HAVE_VPRINTF 1
| /* end confdefs.h.  */
| /* Define _doprnt to an innocuous variant, in case <limits.h> declares _doprnt.
|    For example, HP-UX 11i <limits.h> declares gettimeofday.  */
| #define _doprnt innocuous__doprnt
| 
| /* System header to define __stub macros and hopefully few prototypes,
|     which can conflict with char _doprnt (); below.
|     Prefer <limits.h> to <assert.h> if __STDC__ is defined, since
|     <limits.h> exists even on freestanding compilers.  */
| 
| #ifdef __STDC__
| # include <limits.h>
| #else
| # include <assert.h>
| #endif
| 
| #undef _doprnt
| 
| /* Override any gcc2 internal prototype to avoid an error.  */
| #ifdef __cplusplus
| extern "C"
| {
| #endif
| /* We use char because int might match the return type of a gcc2
|    builtin and then its argument prototype would still apply.  */
| char _doprnt ();
| /* The GNU C library defines this for functions which it implements
|     to always fail with ENOSYS.  Some functions are actually named
|     something starting with __ and the normal name is an alias.  */
| #if defined (__stub__doprnt) || defined (__stub____doprnt)
| choke me
| #else
| char (*f) () = _doprnt;
| #endif
| #ifdef __cplusplus
| }
| #endif
| 
| int
| main ()
| {
| return f != _doprnt;
|   ;
|   return 0;
| }
configure:21860: result: no
configure:21886: checking for XineramaQueryExtension in -lXinerama_pic
configure:21916: gcc -o conftest -g -O2  -Wall   conftest.c -lXinerama_pic  -lXext  -lpthread -lXext -lX11    >&5
/usr/lib/gcc/i586-suse-linux/4.6/../../../../i586-suse-linux/bin/ld: cannot find -lXinerama_pic
collect2: ld returned 1 exit status
configure:21922: $? = 1
configure: failed program was:
| /* confdefs.h.  */
| 
| #define PACKAGE_NAME "xosd"
| #define PACKAGE_TARNAME "xosd"
| #define PACKAGE_VERSION "2.2.14"
| #define PACKAGE_STRING "xosd 2.2.14"
| #define PACKAGE_BUGREPORT ""
| #define STDC_HEADERS 1
| #define HAVE_SYS_TYPES_H 1
| #define HAVE_SYS_STAT_H 1
| #define HAVE_STDLIB_H 1
| #define HAVE_STRING_H 1
| #define HAVE_MEMORY_H 1
| #define HAVE_STRINGS_H 1
| #define HAVE_INTTYPES_H 1
| #define HAVE_STDINT_H 1
| #define HAVE_UNISTD_H 1
| #define HAVE_DLFCN_H 1
| #ifdef __cplusplus
| extern "C" void exit (int) throw ();
| #endif
| #define HAVE_LIBX11 1
| #define HAVE_LIBXEXT 1
| #define HAVE_LIBPTHREAD 1
| #define STDC_HEADERS 1
| #define HAVE_UNISTD_H 1
| #define HAVE_VPRINTF 1
| /* end confdefs.h.  */
| 
| /* Override any gcc2 internal prototype to avoid an error.  */
| #ifdef __cplusplus
| extern "C"
| #endif
| /* We use char because int might match the return type of a gcc2
|    builtin and then its argument prototype would still apply.  */
| char XineramaQueryExtension ();
| int
| main ()
| {
| XineramaQueryExtension ();
|   ;
|   return 0;
| }
configure:21948: result: no
configure:21959: checking for XineramaQueryExtension in -lXinerama
configure:21989: gcc -o conftest -g -O2  -Wall   conftest.c -lXinerama  -lXext  -lpthread -lXext -lX11    >&5
configure:21995: $? = 0
configure:21999: test -z 
			 || test ! -s conftest.err
configure:22002: $? = 0
configure:22005: test -s conftest
configure:22008: $? = 0
configure:22021: result: yes
configure:22142: WARNING: "beep media player not found"
configure:22170: checking for xmms-config
configure:22201: result: /usr/bin/pkg-config xmms2-plugin
configure:22238: checking for gawk
configure:22264: result: gawk
configure:22310: checking for XMMS - version >= 1.2.7
configure:22318: result: no
configure:22345: WARNING: "xmms plugins can not be built"
configure:22407: checking for gdk-pixbuf-config
configure:22438: result: no
configure:22446: checking for GDK_PIXBUF - version >= 0.22.0
configure:22563: result: no
configure:22643: WARNING: "new xmms plugin can not be built"
configure:22667: checking whether new xmms plugin was requested
configure:22669: result: yes
configure:22690: checking whether beep media plugin was requested
configure:22692: result: yes
configure:22716: checking whether old xmms plugin was requested
configure:22718: result: no
configure:22918: creating ./config.status

## ---------------------- ##
## Running config.status. ##
## ---------------------- ##

This file was extended by xosd config.status 2.2.14, which was
generated by GNU Autoconf 2.59.  Invocation command line was

  CONFIG_FILES    = 
  CONFIG_HEADERS  = 
  CONFIG_LINKS    = 
  CONFIG_COMMANDS = 
  $ ./config.status 

on wasserkopf

config.status:757: creating Makefile
config.status:757: creating src/Makefile
config.status:757: creating src/libxosd/Makefile
config.status:757: creating src/xmms_plugin/Makefile
config.status:817: error: cannot find input file: src/xmms_plugin/Makefile.in

## ---------------- ##
## Cache variables. ##
## ---------------- ##

ac_cv_build=i686-pc-linux-gnu
ac_cv_build_alias=i686-pc-linux-gnu
ac_cv_c_compiler_gnu=yes
ac_cv_cxx_compiler_gnu=yes
ac_cv_env_CC_set=
ac_cv_env_CC_value=
ac_cv_env_CFLAGS_set=
ac_cv_env_CFLAGS_value=
ac_cv_env_CPPFLAGS_set=
ac_cv_env_CPPFLAGS_value=
ac_cv_env_CPP_set=
ac_cv_env_CPP_value=
ac_cv_env_CXXCPP_set=
ac_cv_env_CXXCPP_value=
ac_cv_env_CXXFLAGS_set=
ac_cv_env_CXXFLAGS_value=
ac_cv_env_CXX_set=
ac_cv_env_CXX_value=
ac_cv_env_F77_set=
ac_cv_env_F77_value=
ac_cv_env_FFLAGS_set=
ac_cv_env_FFLAGS_value=
ac_cv_env_LDFLAGS_set=
ac_cv_env_LDFLAGS_value=
ac_cv_env_build_alias_set=
ac_cv_env_build_alias_value=
ac_cv_env_host_alias_set=
ac_cv_env_host_alias_value=
ac_cv_env_target_alias_set=
ac_cv_env_target_alias_value=
ac_cv_exeext=
ac_cv_f77_compiler_gnu=no
ac_cv_func__doprnt=no
ac_cv_func_connect=yes
ac_cv_func_gethostbyname=yes
ac_cv_func_remove=yes
ac_cv_func_shmat=yes
ac_cv_func_vprintf=yes
ac_cv_have_x='have_x=yes 		ac_x_includes= ac_x_libraries='
ac_cv_header_dlfcn_h=yes
ac_cv_header_inttypes_h=yes
ac_cv_header_memory_h=yes
ac_cv_header_pthread_h=yes
ac_cv_header_stdc=yes
ac_cv_header_stdint_h=yes
ac_cv_header_stdlib_h=yes
ac_cv_header_string_h=yes
ac_cv_header_strings_h=yes
ac_cv_header_sys_stat_h=yes
ac_cv_header_sys_types_h=yes
ac_cv_header_unistd_h=yes
ac_cv_host=i686-pc-linux-gnu
ac_cv_host_alias=i686-pc-linux-gnu
ac_cv_lib_ICE_IceConnectionNumber=yes
ac_cv_lib_X11_XInitThreads=yes
ac_cv_lib_Xext_XShapeQueryExtension=yes
ac_cv_lib_Xinerama_XineramaQueryExtension=yes
ac_cv_lib_Xinerama_pic_XineramaQueryExtension=no
ac_cv_lib_pthread_pthread_create=yes
ac_cv_objext=o
ac_cv_path_GDK_PIXBUF_CONFIG=no
ac_cv_path_GTK_CONFIG=no
ac_cv_path_XMMS_CONFIG='/usr/bin/pkg-config xmms2-plugin'
ac_cv_path_install='/usr/bin/install -c'
ac_cv_prog_AWK=gawk
ac_cv_prog_CPP='gcc -E'
ac_cv_prog_CXXCPP='g++ -E'
ac_cv_prog_ac_ct_AR=ar
ac_cv_prog_ac_ct_CC=gcc
ac_cv_prog_ac_ct_CXX=g++
ac_cv_prog_ac_ct_RANLIB=ranlib
ac_cv_prog_ac_ct_STRIP=strip
ac_cv_prog_cc_g=yes
ac_cv_prog_cc_stdc=
ac_cv_prog_cxx_g=yes
ac_cv_prog_egrep='grep -E'
ac_cv_prog_f77_g=no
ac_cv_prog_make_make_set=yes
am_cv_CC_dependencies_compiler_type=gcc3
am_cv_CXX_dependencies_compiler_type=gcc3
lt_cv_deplibs_check_method=pass_all
lt_cv_file_magic_cmd='$MAGIC_CMD'
lt_cv_file_magic_test_file='/lib/libc.so.6 /lib/libc-2.14.1.so'
lt_cv_ld_reload_flag=-r
lt_cv_objdir=.libs
lt_cv_path_LD=/usr/i586-suse-linux/bin/ld
lt_cv_path_LDCXX=/usr/i586-suse-linux/bin/ld
lt_cv_path_NM='/usr/bin/nm -B'
lt_cv_path_SED=/usr/bin/sed
lt_cv_prog_compiler_c_o=yes
lt_cv_prog_compiler_c_o_CXX=yes
lt_cv_prog_compiler_rtti_exceptions=no
lt_cv_prog_gnu_ld=yes
lt_cv_prog_gnu_ldcxx=yes
lt_cv_sys_global_symbol_pipe='sed -n -e '\''s/^.*[ 	]\([ABCDGIRSTW][ABCDGIRSTW]*\)[ 	][ 	]*\(\)\([_A-Za-z][_A-Za-z0-9]*\)$/\1 \2\3 \3/p'\'''
lt_cv_sys_global_symbol_to_c_name_address='sed -n -e '\''s/^: \([^ ]*\) $/  {\"\1\", (lt_ptr) 0},/p'\'' -e '\''s/^[BCDEGRST] \([^ ]*\) \([^ ]*\)$/  {"\2", (lt_ptr) \&\2},/p'\'''
lt_cv_sys_global_symbol_to_cdecl='sed -n -e '\''s/^. .* \(.*\)$/extern int \1;/p'\'''
lt_cv_sys_max_cmd_len=32768
lt_lt_cv_prog_compiler_c_o='"yes"'
lt_lt_cv_prog_compiler_c_o_CXX='"yes"'
lt_lt_cv_sys_global_symbol_pipe='"sed -n -e '\''s/^.*[ 	]\\([ABCDGIRSTW][ABCDGIRSTW]*\\)[ 	][ 	]*\\(\\)\\([_A-Za-z][_A-Za-z0-9]*\\)\$/\\1 \\2\\3 \\3/p'\''"'
lt_lt_cv_sys_global_symbol_to_c_name_address='"sed -n -e '\''s/^: \\([^ ]*\\) \$/  {\\\"\\1\\\", (lt_ptr) 0},/p'\'' -e '\''s/^[BCDEGRST] \\([^ ]*\\) \\([^ ]*\\)\$/  {\"\\2\", (lt_ptr) \\&\\2},/p'\''"'
lt_lt_cv_sys_global_symbol_to_cdecl='"sed -n -e '\''s/^. .* \\(.*\\)\$/extern int \\1;/p'\''"'

## ----------------- ##
## Output variables. ##
## ----------------- ##

ACLOCAL='${SHELL} /home/elchaschab/xosd-2.2.14/missing --run aclocal-1.9'
AMDEPBACKSLASH='\'
AMDEP_FALSE='#'
AMDEP_TRUE=''
AMTAR='${SHELL} /home/elchaschab/xosd-2.2.14/missing --run tar'
AR='ar'
AUTOCONF='${SHELL} /home/elchaschab/xosd-2.2.14/missing --run autoconf'
AUTOHEADER='${SHELL} /home/elchaschab/xosd-2.2.14/missing --run autoheader'
AUTOMAKE='${SHELL} /home/elchaschab/xosd-2.2.14/missing --run automake-1.9'
AWK='gawk'
BMP_CFLAGS=''
BMP_GENERAL_PLUGIN_DIR=''
BMP_LIBS=''
BUILD_BEEP_MEDIA_PLUGIN_FALSE=''
BUILD_BEEP_MEDIA_PLUGIN_TRUE='#'
BUILD_NEW_PLUGIN_FALSE=''
BUILD_NEW_PLUGIN_TRUE='#'
BUILD_OLD_PLUGIN_FALSE=''
BUILD_OLD_PLUGIN_TRUE='#'
CC='gcc'
CCDEPMODE='depmode=gcc3'
CFLAGS='-g -O2  -Wall'
CPP='gcc -E'
CPPFLAGS=''
CXX='g++'
CXXCPP='g++ -E'
CXXDEPMODE='depmode=gcc3'
CXXFLAGS='-g -O2'
CYGPATH_W='echo'
DEFS='-DPACKAGE_NAME=\"xosd\" -DPACKAGE_TARNAME=\"xosd\" -DPACKAGE_VERSION=\"2.2.14\" -DPACKAGE_STRING=\"xosd\ 2.2.14\" -DPACKAGE_BUGREPORT=\"\" -DSTDC_HEADERS=1 -DHAVE_SYS_TYPES_H=1 -DHAVE_SYS_STAT_H=1 -DHAVE_STDLIB_H=1 -DHAVE_STRING_H=1 -DHAVE_MEMORY_H=1 -DHAVE_STRINGS_H=1 -DHAVE_INTTYPES_H=1 -DHAVE_STDINT_H=1 -DHAVE_UNISTD_H=1 -DHAVE_DLFCN_H=1 -DHAVE_LIBX11=1 -DHAVE_LIBXEXT=1 -DHAVE_LIBPTHREAD=1 -DSTDC_HEADERS=1 -DHAVE_UNISTD_H=1 -DHAVE_VPRINTF=1 -DHAVE_XINERAMA=1 -DXOSD_VERSION=\"2.2.14\" '
DEPDIR='.deps'
ECHO='echo'
ECHO_C=''
ECHO_N='-n'
ECHO_T=''
EGREP='grep -E'
EXEEXT=''
F77=''
FFLAGS=''
GDK_PIXBUF_CFLAGS=''
GDK_PIXBUF_CONFIG='no'
GDK_PIXBUF_LIBS=''
GTK_CFLAGS=''
GTK_CONFIG='no'
GTK_LIBS=''
INSTALL_DATA='${INSTALL} -m 644'
INSTALL_PROGRAM='${INSTALL}'
INSTALL_SCRIPT='${INSTALL}'
INSTALL_STRIP_PROGRAM='${SHELL} $(install_sh) -c -s'
LDFLAGS=''
LIBOBJS=''
LIBS='-lpthread -lXext -lX11   '
LIBTOOL='$(SHELL) $(top_builddir)/libtool'
LN_S='ln -s'
LTLIBOBJS=''
LT_AGE='2'
LT_CURRENT='4'
LT_REVISION='14'
M4DATADIR='${prefix}/share/aclocal'
MAINT='#'
MAINTAINER_MODE_FALSE=''
MAINTAINER_MODE_TRUE='#'
MAKEINFO='${SHELL} /home/elchaschab/xosd-2.2.14/missing --run makeinfo'
OBJEXT='o'
PACKAGE='xosd'
PACKAGE_BUGREPORT=''
PACKAGE_NAME='xosd'
PACKAGE_STRING='xosd 2.2.14'
PACKAGE_TARNAME='xosd'
PACKAGE_VERSION='2.2.14'
PATH_SEPARATOR=':'
PKG_CONFIG=''
RANLIB='ranlib'
SET_MAKE=''
SHELL='/bin/sh'
STRIP='strip'
VERSION='2.2.14'
XMMS_CFLAGS=''
XMMS_CONFIG='/usr/bin/pkg-config xmms2-plugin'
XMMS_DATA_DIR=''
XMMS_EFFECT_PLUGIN_DIR=''
XMMS_GENERAL_PLUGIN_DIR=''
XMMS_INPUT_PLUGIN_DIR=''
XMMS_LIBS=''
XMMS_OUTPUT_PLUGIN_DIR=''
XMMS_PIXMAPDIR='${prefix}/share/xosd'
XMMS_PLUGIN_DIR=''
XMMS_VERSION='0.25'
XMMS_VISUALIZATION_PLUGIN_DIR=''
X_CFLAGS=''
X_EXTRA_LIBS=''
X_LIBS=' -lXinerama'
X_PRE_LIBS=' -lSM -lICE'
ac_ct_AR='ar'
ac_ct_CC='gcc'
ac_ct_CXX='g++'
ac_ct_F77=''
ac_ct_RANLIB='ranlib'
ac_ct_STRIP='strip'
am__fastdepCC_FALSE='#'
am__fastdepCC_TRUE=''
am__fastdepCXX_FALSE='#'
am__fastdepCXX_TRUE=''
am__include='include'
am__leading_dot='.'
am__quote=''
am__tar='${AMTAR} chof - "$$tardir"'
am__untar='${AMTAR} xf -'
bindir='${exec_prefix}/bin'
build='i686-pc-linux-gnu'
build_alias=''
build_cpu='i686'
build_os='linux-gnu'
build_vendor='pc'
datadir='${prefix}/share'
exec_prefix='${prefix}'
host='i686-pc-linux-gnu'
host_alias=''
host_cpu='i686'
host_os='linux-gnu'
host_vendor='pc'
includedir='${prefix}/include'
infodir='${prefix}/info'
install_sh='/home/elchaschab/xosd-2.2.14/install-sh'
libdir='${exec_prefix}/lib'
libexecdir='${exec_prefix}/lib'
localstatedir='${prefix}/var'
mandir='${prefix}/man'
mkdir_p='mkdir -p --'
oldincludedir='/usr/include'
prefix='/usr/local'
program_transform_name='s,x,x,'
sbindir='${exec_prefix}/sbin'
sharedstatedir='${prefix}/com'
sysconfdir='${prefix}/etc'
target_alias=''

## ----------- ##
## confdefs.h. ##
## ----------- ##

#define HAVE_DLFCN_H 1
#define HAVE_INTTYPES_H 1
#define HAVE_LIBPTHREAD 1
#define HAVE_LIBX11 1
#define HAVE_LIBXEXT 1
#define HAVE_MEMORY_H 1
#define HAVE_STDINT_H 1
#define HAVE_STDLIB_H 1
#define HAVE_STRINGS_H 1
#define HAVE_STRING_H 1
#define HAVE_SYS_STAT_H 1
#define HAVE_SYS_TYPES_H 1
#define HAVE_UNISTD_H 1
#define HAVE_UNISTD_H 1
#define HAVE_VPRINTF 1
#define HAVE_XINERAMA 1
#define PACKAGE_BUGREPORT ""
#define PACKAGE_NAME "xosd"
#define PACKAGE_STRING "xosd 2.2.14"
#define PACKAGE_TARNAME "xosd"
#define PACKAGE_VERSION "2.2.14"
#define STDC_HEADERS 1
#define STDC_HEADERS 1
#define XOSD_VERSION "2.2.14"
#endif
#ifdef __cplusplus
extern "C" void exit (int) throw ();

configure: exit 1

## ---------------------- ##
## Running config.status. ##
## ---------------------- ##

This file was extended by xosd config.status 2.2.14, which was
generated by GNU Autoconf 2.59.  Invocation command line was

  CONFIG_FILES    = 
  CONFIG_HEADERS  = 
  CONFIG_LINKS    = 
  CONFIG_COMMANDS = 
  $ ./config.status script/xosd-config

on wasserkopf

config.status:757: creating script/xosd-config
